g:\repogitory\hm_cpp_invoke\pack_projet\hmcppinvokepack\hmcppinvokepack-vs2022\x64\release\hmcppinvokedllfunccalledtype.obj
g:\repogitory\hm_cpp_invoke\pack_projet\hmcppinvokepack\hmcppinvokepack-vs2022\x64\release\hmcppinvokeoriginaldecode.obj
g:\repogitory\hm_cpp_invoke\pack_projet\hmcppinvokepack\hmcppinvokepack-vs2022\x64\release\hmcppinvokemacro.obj
g:\repogitory\hm_cpp_invoke\pack_projet\hmcppinvokepack\hmcppinvokepack-vs2022\x64\release\hmcppinvokeedit.obj
g:\repogitory\hm_cpp_invoke\pack_projet\hmcppinvokepack\hmcppinvokepack-vs2022\x64\release\hmcppinvokeoutputpane.obj
g:\repogitory\hm_cpp_invoke\pack_projet\hmcppinvokepack\hmcppinvokepack-vs2022\x64\release\hmcppinvokeoriginalencode.obj
g:\repogitory\hm_cpp_invoke\pack_projet\hmcppinvokepack\hmcppinvokepack-vs2022\x64\release\hmcppinvokefile.obj
g:\repogitory\hm_cpp_invoke\pack_projet\hmcppinvokepack\hmcppinvokepack-vs2022\x64\release\hmcppinvokeexplorerpane.obj
g:\repogitory\hm_cpp_invoke\pack_projet\hmcppinvokepack\hmcppinvokepack-vs2022\x64\release\hmcppinvokedllbindtype.obj
g:\repogitory\hm_cpp_invoke\pack_projet\hmcppinvokepack\hmcppinvokepack-vs2022\x64\release\hmcppinvoke.obj
g:\repogitory\hm_cpp_invoke\pack_projet\hmcppinvokepack\hmcppinvokepack-vs2022\x64\release\hmcppinvokeconvertstring.obj
g:\repogitory\hm_cpp_invoke\pack_projet\hmcppinvokepack\x64\release\hmcppinvokepack-vs2022.pdb
g:\repogitory\hm_cpp_invoke\pack_projet\hmcppinvokepack\x64\release\hmcppinvokepack-vs2022.lib
g:\repogitory\hm_cpp_invoke\pack_projet\hmcppinvokepack\hmcppinvokepack-vs2022\x64\release\hmcppinv.1700a32b.tlog\cl.12460.write.1.tlog
g:\repogitory\hm_cpp_invoke\pack_projet\hmcppinvokepack\hmcppinvokepack-vs2022\x64\release\hmcppinv.1700a32b.tlog\cl.command.1.tlog
g:\repogitory\hm_cpp_invoke\pack_projet\hmcppinvokepack\hmcppinvokepack-vs2022\x64\release\hmcppinv.1700a32b.tlog\cl.items.tlog
g:\repogitory\hm_cpp_invoke\pack_projet\hmcppinvokepack\hmcppinvokepack-vs2022\x64\release\hmcppinv.1700a32b.tlog\cl.read.1.tlog
g:\repogitory\hm_cpp_invoke\pack_projet\hmcppinvokepack\hmcppinvokepack-vs2022\x64\release\hmcppinv.1700a32b.tlog\lib-link.read.1.tlog
g:\repogitory\hm_cpp_invoke\pack_projet\hmcppinvokepack\hmcppinvokepack-vs2022\x64\release\hmcppinv.1700a32b.tlog\lib-link.write.1.tlog
g:\repogitory\hm_cpp_invoke\pack_projet\hmcppinvokepack\hmcppinvokepack-vs2022\x64\release\hmcppinv.1700a32b.tlog\lib.command.1.tlog
