g:\repogitory\hm_cpp_invoke\hmcppinvoke\release\hmcppinvokeconvertstring.obj
g:\repogitory\hm_cpp_invoke\hmcppinvoke\release\hmcppinvokeoriginaldecode.obj
g:\repogitory\hm_cpp_invoke\hmcppinvoke\release\hmcppinvokemacro.obj
g:\repogitory\hm_cpp_invoke\hmcppinvoke\release\hmcppinvokedllfunccalledtype.obj
g:\repogitory\hm_cpp_invoke\hmcppinvoke\release\hmcppinvoke.obj
g:\repogitory\hm_cpp_invoke\hmcppinvoke\release\hmcppinvokeexplorerpane.obj
g:\repogitory\hm_cpp_invoke\hmcppinvoke\release\hmcppinvokeoutputpane.obj
g:\repogitory\hm_cpp_invoke\hmcppinvoke\release\hmcppinvokeedit.obj
g:\repogitory\hm_cpp_invoke\hmcppinvoke\release\hmcppinvokefile.obj
g:\repogitory\hm_cpp_invoke\hmcppinvoke\release\hmcppinvokedllbindtype.obj
g:\repogitory\hm_cpp_invoke\hmcppinvoke\release\hmcppinvokeoriginalencode.obj
g:\repogitory\hm_cpp_invoke\hmcppinvoke\release\vc142.pdb
g:\repogitory\hm_cpp_invoke\release\hmcppinvoke.lib
g:\repogitory\hm_cpp_invoke\release\hmcppinvoke.exp
g:\repogitory\hm_cpp_invoke\hmcppinvoke\release\hmcppinvoke.ipdb
g:\repogitory\hm_cpp_invoke\hmcppinvoke\release\hmcppinvoke.iobj
g:\repogitory\hm_cpp_invoke\hmcppinvoke\release\hmcppinvoke.tlog\cl.10076.write.1.tlog
g:\repogitory\hm_cpp_invoke\hmcppinvoke\release\hmcppinvoke.tlog\cl.command.1.tlog
g:\repogitory\hm_cpp_invoke\hmcppinvoke\release\hmcppinvoke.tlog\cl.read.1.tlog
g:\repogitory\hm_cpp_invoke\hmcppinvoke\release\hmcppinvoke.tlog\hmcppinvoke.write.1u.tlog
g:\repogitory\hm_cpp_invoke\hmcppinvoke\release\hmcppinvoke.tlog\link.command.1.tlog
g:\repogitory\hm_cpp_invoke\hmcppinvoke\release\hmcppinvoke.tlog\link.read.1.tlog
g:\repogitory\hm_cpp_invoke\hmcppinvoke\release\hmcppinvoke.tlog\link.write.1.tlog
