g:\repogitory\hm_cpp_invoke\hmcppinvoke\debug\hmcppinvokeoriginalencode.obj
g:\repogitory\hm_cpp_invoke\hmcppinvoke\debug\hmcppinvokeoriginaldecode.obj
g:\repogitory\hm_cpp_invoke\hmcppinvoke\debug\hmcppinvokemacro.obj
g:\repogitory\hm_cpp_invoke\hmcppinvoke\debug\hmcppinvokeexplorerpane.obj
g:\repogitory\hm_cpp_invoke\hmcppinvoke\debug\hmcppinvoke.obj
g:\repogitory\hm_cpp_invoke\hmcppinvoke\debug\hmcppinvokeconvertstring.obj
g:\repogitory\hm_cpp_invoke\hmcppinvoke\debug\hmcppinvokeoutputpane.obj
g:\repogitory\hm_cpp_invoke\hmcppinvoke\debug\hmcppinvokefile.obj
g:\repogitory\hm_cpp_invoke\hmcppinvoke\debug\hmcppinvokedllbindtype.obj
g:\repogitory\hm_cpp_invoke\hmcppinvoke\debug\hmcppinvokeedit.obj
g:\repogitory\hm_cpp_invoke\hmcppinvoke\debug\hmcppinvokedllfunccalledtype.obj
g:\repogitory\hm_cpp_invoke\hmcppinvoke\debug\vc142.pdb
g:\repogitory\hm_cpp_invoke\debug\hmcppinvoke.lib
g:\repogitory\hm_cpp_invoke\debug\hmcppinvoke.exp
g:\repogitory\hm_cpp_invoke\debug\hmcppinvoke.exe
g:\repogitory\hm_cpp_invoke\hmcppinvoke\debug\hmcppinvoke.ilk
g:\repogitory\hm_cpp_invoke\debug\hmcppinvoke.pdb
g:\repogitory\hm_cpp_invoke\hmcppinvoke\debug\vc142.idb
g:\repogitory\hm_cpp_invoke\hmcppinvoke\debug\hmcppinvoke.tlog\cl.10472.write.1.tlog
g:\repogitory\hm_cpp_invoke\hmcppinvoke\debug\hmcppinvoke.tlog\cl.command.1.tlog
g:\repogitory\hm_cpp_invoke\hmcppinvoke\debug\hmcppinvoke.tlog\cl.read.1.tlog
g:\repogitory\hm_cpp_invoke\hmcppinvoke\debug\hmcppinvoke.tlog\hmcppinvoke.write.1u.tlog
g:\repogitory\hm_cpp_invoke\hmcppinvoke\debug\hmcppinvoke.tlog\link.command.1.tlog
g:\repogitory\hm_cpp_invoke\hmcppinvoke\debug\hmcppinvoke.tlog\link.read.1.tlog
g:\repogitory\hm_cpp_invoke\hmcppinvoke\debug\hmcppinvoke.tlog\link.write.1.tlog
