g:\repogitory\hm_cpp_invoke\pack_projet\hmcppinvokepack\hmcppinvokepack-vs2022\debug\hmcppinvokeexplorerpane.obj
g:\repogitory\hm_cpp_invoke\pack_projet\hmcppinvokepack\hmcppinvokepack-vs2022\debug\hmcppinvoke.obj
g:\repogitory\hm_cpp_invoke\pack_projet\hmcppinvokepack\hmcppinvokepack-vs2022\debug\hmcppinvokedllfunccalledtype.obj
g:\repogitory\hm_cpp_invoke\pack_projet\hmcppinvokepack\hmcppinvokepack-vs2022\debug\hmcppinvokeoutputpane.obj
g:\repogitory\hm_cpp_invoke\pack_projet\hmcppinvokepack\hmcppinvokepack-vs2022\debug\hmcppinvokedllbindtype.obj
g:\repogitory\hm_cpp_invoke\pack_projet\hmcppinvokepack\hmcppinvokepack-vs2022\debug\hmcppinvokeoriginalencode.obj
g:\repogitory\hm_cpp_invoke\pack_projet\hmcppinvokepack\hmcppinvokepack-vs2022\debug\hmcppinvokeconvertstring.obj
g:\repogitory\hm_cpp_invoke\pack_projet\hmcppinvokepack\hmcppinvokepack-vs2022\debug\hmcppinvokefile.obj
g:\repogitory\hm_cpp_invoke\pack_projet\hmcppinvokepack\hmcppinvokepack-vs2022\debug\hmcppinvokemacro.obj
g:\repogitory\hm_cpp_invoke\pack_projet\hmcppinvokepack\hmcppinvokepack-vs2022\debug\hmcppinvokeedit.obj
g:\repogitory\hm_cpp_invoke\pack_projet\hmcppinvokepack\hmcppinvokepack-vs2022\debug\hmcppinvokeoriginaldecode.obj
g:\repogitory\hm_cpp_invoke\pack_projet\hmcppinvokepack\debug\hmcppinvokepack-vs2022.pdb
g:\repogitory\hm_cpp_invoke\pack_projet\hmcppinvokepack\debug\hmcppinvokepack-vs2022.lib
g:\repogitory\hm_cpp_invoke\pack_projet\hmcppinvokepack\hmcppinvokepack-vs2022\debug\hmcppinv.1700a32b.tlog\cl.15500.write.1.tlog
g:\repogitory\hm_cpp_invoke\pack_projet\hmcppinvokepack\hmcppinvokepack-vs2022\debug\hmcppinv.1700a32b.tlog\cl.command.1.tlog
g:\repogitory\hm_cpp_invoke\pack_projet\hmcppinvokepack\hmcppinvokepack-vs2022\debug\hmcppinv.1700a32b.tlog\cl.items.tlog
g:\repogitory\hm_cpp_invoke\pack_projet\hmcppinvokepack\hmcppinvokepack-vs2022\debug\hmcppinv.1700a32b.tlog\cl.read.1.tlog
g:\repogitory\hm_cpp_invoke\pack_projet\hmcppinvokepack\hmcppinvokepack-vs2022\debug\hmcppinv.1700a32b.tlog\lib-link.read.1.tlog
g:\repogitory\hm_cpp_invoke\pack_projet\hmcppinvokepack\hmcppinvokepack-vs2022\debug\hmcppinv.1700a32b.tlog\lib-link.write.1.tlog
g:\repogitory\hm_cpp_invoke\pack_projet\hmcppinvokepack\hmcppinvokepack-vs2022\debug\hmcppinv.1700a32b.tlog\lib.command.1.tlog
