g:\repogitory\hm_cpp_invoke\pack_projet\hmcppinvokepack\hmcppinvokepack-vs2022\release\hmcppinvokeexplorerpane.obj
g:\repogitory\hm_cpp_invoke\pack_projet\hmcppinvokepack\hmcppinvokepack-vs2022\release\hmcppinvokeoriginalencode.obj
g:\repogitory\hm_cpp_invoke\pack_projet\hmcppinvokepack\hmcppinvokepack-vs2022\release\hmcppinvokeconvertstring.obj
g:\repogitory\hm_cpp_invoke\pack_projet\hmcppinvokepack\hmcppinvokepack-vs2022\release\hmcppinvokefile.obj
g:\repogitory\hm_cpp_invoke\pack_projet\hmcppinvokepack\hmcppinvokepack-vs2022\release\hmcppinvokeoutputpane.obj
g:\repogitory\hm_cpp_invoke\pack_projet\hmcppinvokepack\hmcppinvokepack-vs2022\release\hmcppinvokemacro.obj
g:\repogitory\hm_cpp_invoke\pack_projet\hmcppinvokepack\hmcppinvokepack-vs2022\release\hmcppinvokeedit.obj
g:\repogitory\hm_cpp_invoke\pack_projet\hmcppinvokepack\hmcppinvokepack-vs2022\release\hmcppinvokedllbindtype.obj
g:\repogitory\hm_cpp_invoke\pack_projet\hmcppinvokepack\hmcppinvokepack-vs2022\release\hmcppinvokeoriginaldecode.obj
g:\repogitory\hm_cpp_invoke\pack_projet\hmcppinvokepack\hmcppinvokepack-vs2022\release\hmcppinvokedllfunccalledtype.obj
g:\repogitory\hm_cpp_invoke\pack_projet\hmcppinvokepack\hmcppinvokepack-vs2022\release\hmcppinvoke.obj
g:\repogitory\hm_cpp_invoke\pack_projet\hmcppinvokepack\release\hmcppinvokepack-vs2022.pdb
g:\repogitory\hm_cpp_invoke\pack_projet\hmcppinvokepack\release\hmcppinvokepack-vs2022.lib
g:\repogitory\hm_cpp_invoke\pack_projet\hmcppinvokepack\hmcppinvokepack-vs2022\release\hmcppinv.1700a32b.tlog\cl.12760.write.1.tlog
g:\repogitory\hm_cpp_invoke\pack_projet\hmcppinvokepack\hmcppinvokepack-vs2022\release\hmcppinv.1700a32b.tlog\cl.command.1.tlog
g:\repogitory\hm_cpp_invoke\pack_projet\hmcppinvokepack\hmcppinvokepack-vs2022\release\hmcppinv.1700a32b.tlog\cl.items.tlog
g:\repogitory\hm_cpp_invoke\pack_projet\hmcppinvokepack\hmcppinvokepack-vs2022\release\hmcppinv.1700a32b.tlog\cl.read.1.tlog
g:\repogitory\hm_cpp_invoke\pack_projet\hmcppinvokepack\hmcppinvokepack-vs2022\release\hmcppinv.1700a32b.tlog\lib-link.read.1.tlog
g:\repogitory\hm_cpp_invoke\pack_projet\hmcppinvokepack\hmcppinvokepack-vs2022\release\hmcppinv.1700a32b.tlog\lib-link.write.1.tlog
g:\repogitory\hm_cpp_invoke\pack_projet\hmcppinvokepack\hmcppinvokepack-vs2022\release\hmcppinv.1700a32b.tlog\lib.command.1.tlog
